<testsuites id="" name="" tests="2" failures="0" skipped="0" errors="0" time="1.9989179999999998">
<testsuite name="simple-test.spec.ts" timestamp="2025-08-11T17:04:15.695Z" hostname="chromium" tests="2" failures="0" skipped="0" time="1.537" errors="0">
<testcase name="Simple Playwright Test › should run Playwright test independently from Jest" classname="simple-test.spec.ts" time="0.732">
</testcase>
<testcase name="Simple Playwright Test › should demonstrate Playwright is separate from Jest" classname="simple-test.spec.ts" time="0.805">
</testcase>
</testsuite>
</testsuites>