<testsuites id="" name="" tests="294" failures="234" skipped="4" errors="0" time="117.311233">
<testsuite name="e2e\contact.spec.ts" timestamp="2025-08-11T17:24:45.565Z" hostname="chromium" tests="10" failures="6" skipped="1" time="136.826" errors="0">
<testcase name="Contact Page › should load successfully" classname="e2e\contact.spec.ts" time="12.109">
<failure message="contact.spec.ts:8:7 should load successfully" type="FAILURE">
<![CDATA[  [chromium] › e2e\contact.spec.ts:8:7 › Contact Page › should load successfully ───────────────────

    Error: Timed out 10000ms waiting for expect(page).toHaveTitle(expected)

    Expected pattern: /Contact.*BorderlessBits/
    Received string:  ""
    Call log:
      - Expect "toHaveTitle" with timeout 10000ms
        13 × unexpected value ""


       7 |
       8 |   test('should load successfully', async ({ page }) => {
    >  9 |     await expect(page).toHaveTitle(/Contact.*BorderlessBits/);
         |                        ^
      10 |     await expect(page.locator('h1')).toContainText(/Contact/i);
      11 |   });
      12 |
        at C:\BorderlessBits\GitProjects\BorderlessBits.com\tests\e2e\contact.spec.ts:9:24

    attachment #1: screenshot (image/png) ──────────────────────────────────────────────────────────
    ..\test-results\e2e-contact-Contact-Page-should-load-successfully-chromium\test-failed-1.png
    ────────────────────────────────────────────────────────────────────────────────────────────────

    attachment #2: video (video/webm) ──────────────────────────────────────────────────────────────
    ..\test-results\e2e-contact-Contact-Page-should-load-successfully-chromium\video.webm
    ────────────────────────────────────────────────────────────────────────────────────────────────

    Error Context: ..\test-results\e2e-contact-Contact-Page-should-load-successfully-chromium\error-context.md
]]>
</failure>
<system-out>
<![CDATA[
[[ATTACHMENT|..\test-results\e2e-contact-Contact-Page-should-load-successfully-chromium\test-failed-1.png]]

[[ATTACHMENT|..\test-results\e2e-contact-Contact-Page-should-load-successfully-chromium\video.webm]]

[[ATTACHMENT|..\test-results\e2e-contact-Contact-Page-should-load-successfully-chromium\error-context.md]]
]]>
</system-out>
</testcase>
<testcase name="Contact Page › should display contact form" classname="e2e\contact.spec.ts" time="12.664">
<failure message="contact.spec.ts:13:7 should display contact form" type="FAILURE">
<![CDATA[  [chromium] › e2e\contact.spec.ts:13:7 › Contact Page › should display contact form ───────────────

    Error: Timed out 10000ms waiting for expect(locator).toBeVisible()

    Locator: locator('form').first()
    Expected: visible
    Received: <element(s) not found>
    Call log:
      - Expect "toBeVisible" with timeout 10000ms
      - waiting for locator('form').first()


      13 |   test('should display contact form', async ({ page }) => {
      14 |     const form = page.locator('form').first();
    > 15 |     await expect(form).toBeVisible();
         |                        ^
      16 |
      17 |     // Check for essential form fields
      18 |     const expectedFields = [
        at C:\BorderlessBits\GitProjects\BorderlessBits.com\tests\e2e\contact.spec.ts:15:24

    attachment #1: screenshot (image/png) ──────────────────────────────────────────────────────────
    ..\test-results\e2e-contact-Contact-Page-should-display-contact-form-chromium\test-failed-1.png
    ────────────────────────────────────────────────────────────────────────────────────────────────

    attachment #2: video (video/webm) ──────────────────────────────────────────────────────────────
    ..\test-results\e2e-contact-Contact-Page-should-display-contact-form-chromium\video.webm
    ────────────────────────────────────────────────────────────────────────────────────────────────

    Error Context: ..\test-results\e2e-contact-Contact-Page-should-display-contact-form-chromium\error-context.md
]]>
</failure>
<system-out>
<![CDATA[
[[ATTACHMENT|..\test-results\e2e-contact-Contact-Page-should-display-contact-form-chromium\test-failed-1.png]]

[[ATTACHMENT|..\test-results\e2e-contact-Contact-Page-should-display-contact-form-chromium\video.webm]]

[[ATTACHMENT|..\test-results\e2e-contact-Contact-Page-should-display-contact-form-chromium\error-context.md]]
]]>
</system-out>
</testcase>
<testcase name="Contact Page › should validate required fields" classname="e2e\contact.spec.ts" time="34.063">
<failure message="contact.spec.ts:42:7 should validate required fields" type="FAILURE">
<![CDATA[  [chromium] › e2e\contact.spec.ts:42:7 › Contact Page › should validate required fields ───────────

    TimeoutError: locator.click: Timeout 30000ms exceeded.
    Call log:
      - waiting for locator('form').first().getByRole('button', { name: /send|submit|contact/i })


      45 |
      46 |     // Try to submit empty form
    > 47 |     await submitButton.click();
         |                        ^
      48 |
      49 |     // Check for validation messages (could be HTML5 validation or custom)
      50 |     const nameField = form.locator('input[name="name"], input[name="from_name"]').first();
        at C:\BorderlessBits\GitProjects\BorderlessBits.com\tests\e2e\contact.spec.ts:47:24

    attachment #1: screenshot (image/png) ──────────────────────────────────────────────────────────
    ..\test-results\e2e-contact-Contact-Page-should-validate-required-fields-chromium\test-failed-1.png
    ────────────────────────────────────────────────────────────────────────────────────────────────

    attachment #2: video (video/webm) ──────────────────────────────────────────────────────────────
    ..\test-results\e2e-contact-Contact-Page-should-validate-required-fields-chromium\video.webm
    ────────────────────────────────────────────────────────────────────────────────────────────────

    Error Context: ..\test-results\e2e-contact-Contact-Page-should-validate-required-fields-chromium\error-context.md
]]>
</failure>
<system-out>
<![CDATA[
[[ATTACHMENT|..\test-results\e2e-contact-Contact-Page-should-validate-required-fields-chromium\test-failed-1.png]]

[[ATTACHMENT|..\test-results\e2e-contact-Contact-Page-should-validate-required-fields-chromium\video.webm]]

[[ATTACHMENT|..\test-results\e2e-contact-Contact-Page-should-validate-required-fields-chromium\error-context.md]]
]]>
</system-out>
</testcase>
<testcase name="Contact Page › should validate email format" classname="e2e\contact.spec.ts" time="2.262">
</testcase>
<testcase name="Contact Page › should handle form submission" classname="e2e\contact.spec.ts" time="34.111">
<failure message="contact.spec.ts:92:7 should handle form submission" type="FAILURE">
<![CDATA[  [chromium] › e2e\contact.spec.ts:92:7 › Contact Page › should handle form submission ─────────────

    TimeoutError: locator.click: Timeout 30000ms exceeded.
    Call log:
      - waiting for locator('form').first().getByRole('button', { name: /send|submit|contact/i })


      141 |
      142 |     // Submit form
    > 143 |     await submitButton.click();
          |                        ^
      144 |
      145 |     // Wait for either success message or error
      146 |     await Promise.race([
        at C:\BorderlessBits\GitProjects\BorderlessBits.com\tests\e2e\contact.spec.ts:143:24

    attachment #1: screenshot (image/png) ──────────────────────────────────────────────────────────
    ..\test-results\e2e-contact-Contact-Page-should-handle-form-submission-chromium\test-failed-1.png
    ────────────────────────────────────────────────────────────────────────────────────────────────

    attachment #2: video (video/webm) ──────────────────────────────────────────────────────────────
    ..\test-results\e2e-contact-Contact-Page-should-handle-form-submission-chromium\video.webm
    ────────────────────────────────────────────────────────────────────────────────────────────────

    Error Context: ..\test-results\e2e-contact-Contact-Page-should-handle-form-submission-chromium\error-context.md
]]>
</failure>
<system-out>
<![CDATA[
[[ATTACHMENT|..\test-results\e2e-contact-Contact-Page-should-handle-form-submission-chromium\test-failed-1.png]]

[[ATTACHMENT|..\test-results\e2e-contact-Contact-Page-should-handle-form-submission-chromium\video.webm]]

[[ATTACHMENT|..\test-results\e2e-contact-Contact-Page-should-handle-form-submission-chromium\error-context.md]]
]]>
</system-out>
</testcase>
<testcase name="Contact Page › should display contact information" classname="e2e\contact.spec.ts" time="2.165">
</testcase>
<testcase name="Contact Page › should have proper accessibility" classname="e2e\contact.spec.ts" time="33.484">
<failure message="contact.spec.ts:201:7 should have proper accessibility" type="FAILURE">
<![CDATA[  [chromium] › e2e\contact.spec.ts:201:7 › Contact Page › should have proper accessibility ─────────

    TimeoutError: locator.getAttribute: Timeout 30000ms exceeded.
    Call log:
      - waiting for locator('form').first()


      224 |     // Check form has accessible name
      225 |     const formName =
    > 226 |       (await form.getAttribute('aria-label')) || (await form.getAttribute('aria-labelledby'));
          |                   ^
      227 |     const formTitle = await page.locator('h1, h2, h3').first().textContent();
      228 |
      229 |     expect(formName || formTitle).toBeTruthy();
        at C:\BorderlessBits\GitProjects\BorderlessBits.com\tests\e2e\contact.spec.ts:226:19

    attachment #1: screenshot (image/png) ──────────────────────────────────────────────────────────
    ..\test-results\e2e-contact-Contact-Page-should-have-proper-accessibility-chromium\test-failed-1.png
    ────────────────────────────────────────────────────────────────────────────────────────────────

    attachment #2: video (video/webm) ──────────────────────────────────────────────────────────────
    ..\test-results\e2e-contact-Contact-Page-should-have-proper-accessibility-chromium\video.webm
    ────────────────────────────────────────────────────────────────────────────────────────────────

    Error Context: ..\test-results\e2e-contact-Contact-Page-should-have-proper-accessibility-chromium\error-context.md
]]>
</failure>
<system-out>
<![CDATA[
[[ATTACHMENT|..\test-results\e2e-contact-Contact-Page-should-have-proper-accessibility-chromium\test-failed-1.png]]

[[ATTACHMENT|..\test-results\e2e-contact-Contact-Page-should-have-proper-accessibility-chromium\video.webm]]

[[ATTACHMENT|..\test-results\e2e-contact-Contact-Page-should-have-proper-accessibility-chromium\error-context.md]]
]]>
</system-out>
</testcase>
<testcase name="Contact Page › should handle spam protection gracefully" classname="e2e\contact.spec.ts" time="1.675">
</testcase>
<testcase name="Contact Page › should be mobile-friendly" classname="e2e\contact.spec.ts" time="1.879">
<properties>
<property name="skip" value="This test is only for mobile devices">
</property>
</properties>
<skipped>
</skipped>
</testcase>
<testcase name="Contact Page › should load without errors" classname="e2e\contact.spec.ts" time="2.414">
<failure message="contact.spec.ts:278:7 should load without errors" type="FAILURE">
<![CDATA[  [chromium] › e2e\contact.spec.ts:278:7 › Contact Page › should load without errors ───────────────

    Error: expect(received).toHaveLength(expected)

    Expected length: 0
    Received length: 1
    Received array:  ["Failed to load resource: the server responded with a status of 500 (Internal Server Error)"]

      301 |     );
      302 |
    > 303 |     expect(significantErrors).toHaveLength(0);
          |                               ^
      304 |   });
      305 | });
      306 |
        at C:\BorderlessBits\GitProjects\BorderlessBits.com\tests\e2e\contact.spec.ts:303:31

    attachment #1: screenshot (image/png) ──────────────────────────────────────────────────────────
    ..\test-results\e2e-contact-Contact-Page-should-load-without-errors-chromium\test-failed-1.png
    ────────────────────────────────────────────────────────────────────────────────────────────────

    attachment #2: video (video/webm) ──────────────────────────────────────────────────────────────
    ..\test-results\e2e-contact-Contact-Page-should-load-without-errors-chromium\video.webm
    ────────────────────────────────────────────────────────────────────────────────────────────────

    Error Context: ..\test-results\e2e-contact-Contact-Page-should-load-without-errors-chromium\error-context.md
]]>
</failure>
<system-out>
<![CDATA[
[[ATTACHMENT|..\test-results\e2e-contact-Contact-Page-should-load-without-errors-chromium\test-failed-1.png]]

[[ATTACHMENT|..\test-results\e2e-contact-Contact-Page-should-load-without-errors-chromium\video.webm]]

[[ATTACHMENT|..\test-results\e2e-contact-Contact-Page-should-load-without-errors-chromium\error-context.md]]
]]>
</system-out>
</testcase>
</testsuite>
<testsuite name="e2e\homepage.spec.ts" timestamp="2025-08-11T17:24:45.565Z" hostname="chromium" tests="9" failures="6" skipped="1" time="59.981" errors="0">
<testcase name="Homepage › should load successfully" classname="e2e\homepage.spec.ts" time="11.597">
<failure message="homepage.spec.ts:8:7 should load successfully" type="FAILURE">
<![CDATA[  [chromium] › e2e\homepage.spec.ts:8:7 › Homepage › should load successfully ──────────────────────

    Error: Timed out 10000ms waiting for expect(page).toHaveTitle(expected)

    Expected pattern: /BorderlessBits/
    Received string:  ""
    Call log:
      - Expect "toHaveTitle" with timeout 10000ms
        13 × unexpected value ""


       8 |   test('should load successfully', async ({ page }) => {
       9 |     // Check that the page title is correct
    > 10 |     await expect(page).toHaveTitle(/BorderlessBits/);
         |                        ^
      11 |
      12 |     // Check that the page loads without errors
      13 |     await expect(page.locator('body')).toBeVisible();
        at C:\BorderlessBits\GitProjects\BorderlessBits.com\tests\e2e\homepage.spec.ts:10:24

    attachment #1: screenshot (image/png) ──────────────────────────────────────────────────────────
    ..\test-results\e2e-homepage-Homepage-should-load-successfully-chromium\test-failed-1.png
    ────────────────────────────────────────────────────────────────────────────────────────────────

    attachment #2: video (video/webm) ──────────────────────────────────────────────────────────────
    ..\test-results\e2e-homepage-Homepage-should-load-successfully-chromium\video.webm
    ────────────────────────────────────────────────────────────────────────────────────────────────

    Error Context: ..\test-results\e2e-homepage-Homepage-should-load-successfully-chromium\error-context.md
]]>
</failure>
<system-out>
<![CDATA[
[[ATTACHMENT|..\test-results\e2e-homepage-Homepage-should-load-successfully-chromium\test-failed-1.png]]

[[ATTACHMENT|..\test-results\e2e-homepage-Homepage-should-load-successfully-chromium\video.webm]]

[[ATTACHMENT|..\test-results\e2e-homepage-Homepage-should-load-successfully-chromium\error-context.md]]
]]>
</system-out>
</testcase>
<testcase name="Homepage › should display main navigation" classname="e2e\homepage.spec.ts" time="12.395">
<failure message="homepage.spec.ts:16:7 should display main navigation" type="FAILURE">
<![CDATA[  [chromium] › e2e\homepage.spec.ts:16:7 › Homepage › should display main navigation ───────────────

    Error: Timed out 10000ms waiting for expect(locator).toBeVisible()

    Locator: locator('nav')
    Expected: visible
    Received: <element(s) not found>
    Call log:
      - Expect "toBeVisible" with timeout 10000ms
      - waiting for locator('nav')


      17 |     // Check main navigation elements
      18 |     const nav = page.locator('nav');
    > 19 |     await expect(nav).toBeVisible();
         |                       ^
      20 |
      21 |     // Common navigation items that should be present
      22 |     const expectedNavItems = ['Home', 'About', 'Services', 'Contact'];
        at C:\BorderlessBits\GitProjects\BorderlessBits.com\tests\e2e\homepage.spec.ts:19:23

    attachment #1: screenshot (image/png) ──────────────────────────────────────────────────────────
    ..\test-results\e2e-homepage-Homepage-should-display-main-navigation-chromium\test-failed-1.png
    ────────────────────────────────────────────────────────────────────────────────────────────────

    attachment #2: video (video/webm) ──────────────────────────────────────────────────────────────
    ..\test-results\e2e-homepage-Homepage-should-display-main-navigation-chromium\video.webm
    ────────────────────────────────────────────────────────────────────────────────────────────────

    Error Context: ..\test-results\e2e-homepage-Homepage-should-display-main-navigation-chromium\error-context.md
]]>
</failure>
<system-out>
<![CDATA[
[[ATTACHMENT|..\test-results\e2e-homepage-Homepage-should-display-main-navigation-chromium\test-failed-1.png]]

[[ATTACHMENT|..\test-results\e2e-homepage-Homepage-should-display-main-navigation-chromium\video.webm]]

[[ATTACHMENT|..\test-results\e2e-homepage-Homepage-should-display-main-navigation-chromium\error-context.md]]
]]>
</system-out>
</testcase>
<testcase name="Homepage › should display hero section" classname="e2e\homepage.spec.ts" time="10.934">
<failure message="homepage.spec.ts:32:7 should display hero section" type="FAILURE">
<![CDATA[  [chromium] › e2e\homepage.spec.ts:32:7 › Homepage › should display hero section ──────────────────

    Error: Timed out 10000ms waiting for expect(locator).toBeVisible()

    Locator: locator('[data-testid="hero"]').or(locator('section').first())
    Expected: visible
    Received: <element(s) not found>
    Call log:
      - Expect "toBeVisible" with timeout 10000ms
      - waiting for locator('[data-testid="hero"]').or(locator('section').first())


      33 |     // Check for main hero content
      34 |     const heroSection = page.locator('[data-testid="hero"]').or(page.locator('section').first());
    > 35 |     await expect(heroSection).toBeVisible();
         |                               ^
      36 |
      37 |     // Check for key messaging
      38 |     await expect(page.locator('h1')).toBeVisible();
        at C:\BorderlessBits\GitProjects\BorderlessBits.com\tests\e2e\homepage.spec.ts:35:31

    attachment #1: screenshot (image/png) ──────────────────────────────────────────────────────────
    ..\test-results\e2e-homepage-Homepage-should-display-hero-section-chromium\test-failed-1.png
    ────────────────────────────────────────────────────────────────────────────────────────────────

    attachment #2: video (video/webm) ──────────────────────────────────────────────────────────────
    ..\test-results\e2e-homepage-Homepage-should-display-hero-section-chromium\video.webm
    ────────────────────────────────────────────────────────────────────────────────────────────────

    Error Context: ..\test-results\e2e-homepage-Homepage-should-display-hero-section-chromium\error-context.md
]]>
</failure>
<system-out>
<![CDATA[
[[ATTACHMENT|..\test-results\e2e-homepage-Homepage-should-display-hero-section-chromium\test-failed-1.png]]

[[ATTACHMENT|..\test-results\e2e-homepage-Homepage-should-display-hero-section-chromium\video.webm]]

[[ATTACHMENT|..\test-results\e2e-homepage-Homepage-should-display-hero-section-chromium\error-context.md]]
]]>
</system-out>
</testcase>
<testcase name="Homepage › should have working contact CTA" classname="e2e\homepage.spec.ts" time="0.404">
</testcase>
<testcase name="Homepage › should display services section" classname="e2e\homepage.spec.ts" time="0.235">
</testcase>
<testcase name="Homepage › should have proper meta tags for SEO" classname="e2e\homepage.spec.ts" time="10.764">
<failure message="homepage.spec.ts:83:7 should have proper meta tags for SEO" type="FAILURE">
<![CDATA[  [chromium] › e2e\homepage.spec.ts:83:7 › Homepage › should have proper meta tags for SEO ─────────

    Error: Timed out 10000ms waiting for expect(locator).toHaveAttribute(expected)

    Locator: locator('meta[name="description"]')
    Expected pattern: /.+/
    Received: <element(s) not found>
    Call log:
      - Expect "toHaveAttribute" with timeout 10000ms
      - waiting for locator('meta[name="description"]')


      84 |     // Check essential meta tags
      85 |     const metaDescription = page.locator('meta[name="description"]');
    > 86 |     await expect(metaDescription).toHaveAttribute('content', /.+/);
         |                                   ^
      87 |
      88 |     // Check Open Graph tags
      89 |     const ogTitle = page.locator('meta[property="og:title"]');
        at C:\BorderlessBits\GitProjects\BorderlessBits.com\tests\e2e\homepage.spec.ts:86:35

    attachment #1: screenshot (image/png) ──────────────────────────────────────────────────────────
    ..\test-results\e2e-homepage-Homepage-should-have-proper-meta-tags-for-SEO-chromium\test-failed-1.png
    ────────────────────────────────────────────────────────────────────────────────────────────────

    attachment #2: video (video/webm) ──────────────────────────────────────────────────────────────
    ..\test-results\e2e-homepage-Homepage-should-have-proper-meta-tags-for-SEO-chromium\video.webm
    ────────────────────────────────────────────────────────────────────────────────────────────────

    Error Context: ..\test-results\e2e-homepage-Homepage-should-have-proper-meta-tags-for-SEO-chromium\error-context.md
]]>
</failure>
<system-out>
<![CDATA[
[[ATTACHMENT|..\test-results\e2e-homepage-Homepage-should-have-proper-meta-tags-for-SEO-chromium\test-failed-1.png]]

[[ATTACHMENT|..\test-results\e2e-homepage-Homepage-should-have-proper-meta-tags-for-SEO-chromium\video.webm]]

[[ATTACHMENT|..\test-results\e2e-homepage-Homepage-should-have-proper-meta-tags-for-SEO-chromium\error-context.md]]
]]>
</system-out>
</testcase>
<testcase name="Homepage › should be responsive on mobile" classname="e2e\homepage.spec.ts" time="0.155">
<properties>
<property name="skip" value="This test is only for mobile">
</property>
</properties>
<skipped>
</skipped>
</testcase>
<testcase name="Homepage › should have accessible navigation" classname="e2e\homepage.spec.ts" time="10.724">
<failure message="homepage.spec.ts:118:7 should have accessible navigation" type="FAILURE">
<![CDATA[  [chromium] › e2e\homepage.spec.ts:118:7 › Homepage › should have accessible navigation ───────────

    Error: Timed out 10000ms waiting for expect(locator).toHaveCount(expected)

    Locator: locator('h1')
    Expected: 1
    Received: 0
    Call log:
      - Expect "toHaveCount" with timeout 10000ms
      - waiting for locator('h1')
        14 × locator resolved to 0 elements
           - unexpected value "0"


      125 |     // Check for proper heading hierarchy
      126 |     const h1 = page.locator('h1');
    > 127 |     await expect(h1).toHaveCount(1); // Should have exactly one h1
          |                      ^
      128 |
      129 |     // Check that navigation has proper ARIA labels
      130 |     const navigation = page.locator('nav').first();
        at C:\BorderlessBits\GitProjects\BorderlessBits.com\tests\e2e\homepage.spec.ts:127:22

    attachment #1: screenshot (image/png) ──────────────────────────────────────────────────────────
    ..\test-results\e2e-homepage-Homepage-should-have-accessible-navigation-chromium\test-failed-1.png
    ────────────────────────────────────────────────────────────────────────────────────────────────

    attachment #2: video (video/webm) ──────────────────────────────────────────────────────────────
    ..\test-results\e2e-homepage-Homepage-should-have-accessible-navigation-chromium\video.webm
    ────────────────────────────────────────────────────────────────────────────────────────────────

    Error Context: ..\test-results\e2e-homepage-Homepage-should-have-accessible-navigation-chromium\error-context.md
]]>
</failure>
<system-out>
<![CDATA[
[[ATTACHMENT|..\test-results\e2e-homepage-Homepage-should-have-accessible-navigation-chromium\test-failed-1.png]]

[[ATTACHMENT|..\test-results\e2e-homepage-Homepage-should-have-accessible-navigation-chromium\video.webm]]

[[ATTACHMENT|..\test-results\e2e-homepage-Homepage-should-have-accessible-navigation-chromium\error-context.md]]
]]>
</system-out>
</testcase>
<testcase name="Homepage › should load without JavaScript errors" classname="e2e\homepage.spec.ts" time="2.773">
<failure message="homepage.spec.ts:140:7 should load without JavaScript errors" type="FAILURE">
<![CDATA[  [chromium] › e2e\homepage.spec.ts:140:7 › Homepage › should load without JavaScript errors ───────

    Error: expect(received).toHaveLength(expected)

    Expected length: 0
    Received length: 1
    Received array:  ["Failed to load resource: the server responded with a status of 500 (Internal Server Error)"]

      166 |     );
      167 |
    > 168 |     expect(significantErrors).toHaveLength(0);
          |                               ^
      169 |   });
      170 | });
      171 |
        at C:\BorderlessBits\GitProjects\BorderlessBits.com\tests\e2e\homepage.spec.ts:168:31

    attachment #1: screenshot (image/png) ──────────────────────────────────────────────────────────
    ..\test-results\e2e-homepage-Homepage-should-load-without-JavaScript-errors-chromium\test-failed-1.png
    ────────────────────────────────────────────────────────────────────────────────────────────────

    attachment #2: video (video/webm) ──────────────────────────────────────────────────────────────
    ..\test-results\e2e-homepage-Homepage-should-load-without-JavaScript-errors-chromium\video.webm
    ────────────────────────────────────────────────────────────────────────────────────────────────

    Error Context: ..\test-results\e2e-homepage-Homepage-should-load-without-JavaScript-errors-chromium\error-context.md
]]>
</failure>
<system-out>
<![CDATA[
[[ATTACHMENT|..\test-results\e2e-homepage-Homepage-should-load-without-JavaScript-errors-chromium\test-failed-1.png]]

[[ATTACHMENT|..\test-results\e2e-homepage-Homepage-should-load-without-JavaScript-errors-chromium\video.webm]]

[[ATTACHMENT|..\test-results\e2e-homepage-Homepage-should-load-without-JavaScript-errors-chromium\error-context.md]]
]]>
</system-out>
</testcase>
</testsuite>
<testsuite name="performance\lighthouse.spec.ts" timestamp="2025-08-11T17:24:45.565Z" hostname="chromium" tests="9" failures="3" skipped="0" time="21.041" errors="0">
<testcase name="Lighthouse Performance Tests › should meet performance thresholds on homepage" classname="performance\lighthouse.spec.ts" time="1.436">
<failure message="lighthouse.spec.ts:5:7 should meet performance thresholds on homepage" type="FAILURE">
<![CDATA[  [chromium] › performance\lighthouse.spec.ts:5:7 › Lighthouse Performance Tests › should meet performance thresholds on homepage 

    TypeError: Failed to fetch browser webSocket URL from http://127.0.0.1:9222/json/version: fetch failed

       9 |     await page.goto('/');
      10 |
    > 11 |     await playAudit({
         |     ^
      12 |       page,
      13 |       port: 9222,
      14 |       reports: {
        at getWSEndpoint (C:\BorderlessBits\GitProjects\BorderlessBits.com\node_modules\puppeteer-core\src\common\BrowserConnector.ts:96:20)
        at getConnectionTransport (C:\BorderlessBits\GitProjects\BorderlessBits.com\node_modules\puppeteer-core\src\common\BrowserConnector.ts:80:27)
        at _connectToBrowser (C:\BorderlessBits\GitProjects\BorderlessBits.com\node_modules\puppeteer-core\src\common\BrowserConnector.ts:35:5)
        at gatherFn (C:\BorderlessBits\GitProjects\BorderlessBits.com\node_modules\lighthouse\core\gather\navigation-runner.js:281:19)
        at Function.gather (C:\BorderlessBits\GitProjects\BorderlessBits.com\node_modules\lighthouse\core\runner.js:212:21)
        at navigationGather (C:\BorderlessBits\GitProjects\BorderlessBits.com\node_modules\lighthouse\core\gather\navigation-runner.js:304:21)
        at navigation (C:\BorderlessBits\GitProjects\BorderlessBits.com\node_modules\lighthouse\core\index.js:58:24)
        at C:\BorderlessBits\GitProjects\BorderlessBits.com\tests\performance\lighthouse.spec.ts:11:5
    [cause]: Error: connect ECONNREFUSED 127.0.0.1:9222

    attachment #1: screenshot (image/png) ──────────────────────────────────────────────────────────
    ..\test-results\performance-lighthouse-Lig-6d508-ance-thresholds-on-homepage-chromium\test-failed-1.png
    ────────────────────────────────────────────────────────────────────────────────────────────────

    attachment #2: video (video/webm) ──────────────────────────────────────────────────────────────
    ..\test-results\performance-lighthouse-Lig-6d508-ance-thresholds-on-homepage-chromium\video.webm
    ────────────────────────────────────────────────────────────────────────────────────────────────

    Error Context: ..\test-results\performance-lighthouse-Lig-6d508-ance-thresholds-on-homepage-chromium\error-context.md
]]>
</failure>
<system-out>
<![CDATA[
[[ATTACHMENT|..\test-results\performance-lighthouse-Lig-6d508-ance-thresholds-on-homepage-chromium\test-failed-1.png]]

[[ATTACHMENT|..\test-results\performance-lighthouse-Lig-6d508-ance-thresholds-on-homepage-chromium\video.webm]]

[[ATTACHMENT|..\test-results\performance-lighthouse-Lig-6d508-ance-thresholds-on-homepage-chromium\error-context.md]]
]]>
</system-out>
</testcase>
<testcase name="Lighthouse Performance Tests › should meet performance thresholds on contact page" classname="performance\lighthouse.spec.ts" time="1.525">
<failure message="lighthouse.spec.ts:32:7 should meet performance thresholds on contact page" type="FAILURE">
<![CDATA[  [chromium] › performance\lighthouse.spec.ts:32:7 › Lighthouse Performance Tests › should meet performance thresholds on contact page 

    TypeError: Failed to fetch browser webSocket URL from http://127.0.0.1:9222/json/version: fetch failed

      35 |     await page.goto('/contact');
      36 |
    > 37 |     await playAudit({
         |     ^
      38 |       page,
      39 |       port: 9222,
      40 |       reports: {
        at getWSEndpoint (C:\BorderlessBits\GitProjects\BorderlessBits.com\node_modules\puppeteer-core\src\common\BrowserConnector.ts:96:20)
        at getConnectionTransport (C:\BorderlessBits\GitProjects\BorderlessBits.com\node_modules\puppeteer-core\src\common\BrowserConnector.ts:80:27)
        at _connectToBrowser (C:\BorderlessBits\GitProjects\BorderlessBits.com\node_modules\puppeteer-core\src\common\BrowserConnector.ts:35:5)
        at gatherFn (C:\BorderlessBits\GitProjects\BorderlessBits.com\node_modules\lighthouse\core\gather\navigation-runner.js:281:19)
        at Function.gather (C:\BorderlessBits\GitProjects\BorderlessBits.com\node_modules\lighthouse\core\runner.js:212:21)
        at navigationGather (C:\BorderlessBits\GitProjects\BorderlessBits.com\node_modules\lighthouse\core\gather\navigation-runner.js:304:21)
        at navigation (C:\BorderlessBits\GitProjects\BorderlessBits.com\node_modules\lighthouse\core\index.js:58:24)
        at C:\BorderlessBits\GitProjects\BorderlessBits.com\tests\performance\lighthouse.spec.ts:37:5
    [cause]: Error: connect ECONNREFUSED 127.0.0.1:9222

    attachment #1: screenshot (image/png) ──────────────────────────────────────────────────────────
    ..\test-results\performance-lighthouse-Lig-acbd8--thresholds-on-contact-page-chromium\test-failed-1.png
    ────────────────────────────────────────────────────────────────────────────────────────────────

    attachment #2: video (video/webm) ──────────────────────────────────────────────────────────────
    ..\test-results\performance-lighthouse-Lig-acbd8--thresholds-on-contact-page-chromium\video.webm
    ────────────────────────────────────────────────────────────────────────────────────────────────

    Error Context: ..\test-results\performance-lighthouse-Lig-acbd8--thresholds-on-contact-page-chromium\error-context.md
]]>
</failure>
<system-out>
<![CDATA[
[[ATTACHMENT|..\test-results\performance-lighthouse-Lig-acbd8--thresholds-on-contact-page-chromium\test-failed-1.png]]

[[ATTACHMENT|..\test-results\performance-lighthouse-Lig-acbd8--thresholds-on-contact-page-chromium\video.webm]]

[[ATTACHMENT|..\test-results\performance-lighthouse-Lig-acbd8--thresholds-on-contact-page-chromium\error-context.md]]
]]>
</system-out>
</testcase>
<testcase name="Lighthouse Performance Tests › should have good Core Web Vitals" classname="performance\lighthouse.spec.ts" time="6.143">
</testcase>
<testcase name="Lighthouse Performance Tests › should load resources efficiently" classname="performance\lighthouse.spec.ts" time="0.852">
</testcase>
<testcase name="Lighthouse Performance Tests › should have proper caching headers" classname="performance\lighthouse.spec.ts" time="0.916">
</testcase>
<testcase name="Lighthouse Performance Tests › should minimize render-blocking resources" classname="performance\lighthouse.spec.ts" time="0.211">
<failure message="lighthouse.spec.ts:210:7 should minimize render-blocking resources" type="FAILURE">
<![CDATA[  [chromium] › performance\lighthouse.spec.ts:210:7 › Lighthouse Performance Tests › should minimize render-blocking resources 

    Error: page.waitForFunction: EvalError: Refused to evaluate a string as JavaScript because 'unsafe-eval' is not an allowed source of script in the following Content Security Policy directive: "script-src 'self' 'unsafe-inline' https://www.google-analytics.com https://www.googletagmanager.com https://cdn.emailjs.com".

        at eval (<anonymous>)
        at predicate (eval at evaluate (:291:30), <anonymous>:3:36)
        at next (eval at evaluate (:291:30), <anonymous>:25:29)
        at predicate (eval at evaluate (:291:30), <anonymous>:3:36)
        at next (eval at evaluate (:291:30), <anonymous>:25:29)
        at C:\BorderlessBits\GitProjects\BorderlessBits.com\tests\performance\lighthouse.spec.ts:226:16

    attachment #1: screenshot (image/png) ──────────────────────────────────────────────────────────
    ..\test-results\performance-lighthouse-Lig-ce0b3-e-render-blocking-resources-chromium\test-failed-1.png
    ────────────────────────────────────────────────────────────────────────────────────────────────

    attachment #2: video (video/webm) ──────────────────────────────────────────────────────────────
    ..\test-results\performance-lighthouse-Lig-ce0b3-e-render-blocking-resources-chromium\video.webm
    ────────────────────────────────────────────────────────────────────────────────────────────────

    Error Context: ..\test-results\performance-lighthouse-Lig-ce0b3-e-render-blocking-resources-chromium\error-context.md
]]>
</failure>
<system-out>
<![CDATA[
[[ATTACHMENT|..\test-results\performance-lighthouse-Lig-ce0b3-e-render-blocking-resources-chromium\test-failed-1.png]]

[[ATTACHMENT|..\test-results\performance-lighthouse-Lig-ce0b3-e-render-blocking-resources-chromium\video.webm]]

[[ATTACHMENT|..\test-results\performance-lighthouse-Lig-ce0b3-e-render-blocking-resources-chromium\error-context.md]]
]]>
</system-out>
</testcase>
<testcase name="Lighthouse Performance Tests › should have optimized images" classname="performance\lighthouse.spec.ts" time="0.987">
</testcase>
<testcase name="Lighthouse Performance Tests › should preload critical resources" classname="performance\lighthouse.spec.ts" time="0.366">
</testcase>
<testcase name="Lighthouse Performance Tests › should minimize layout shifts" classname="performance\lighthouse.spec.ts" time="8.605">
<system-out>
<![CDATA[Cumulative Layout Shift: [33m0[39m
]]>
</system-out>
</testcase>
</testsuite>
<testsuite name="visual\visual-regression.spec.ts" timestamp="2025-08-11T17:24:45.565Z" hostname="chromium" tests="14" failures="7" skipped="0" time="51.415" errors="0">
<testcase name="Visual Regression Tests › homepage desktop layout" classname="visual\visual-regression.spec.ts" time="3.501">
<failure message="visual-regression.spec.ts:26:7 homepage desktop layout" type="FAILURE">
<![CDATA[  [chromium] › visual\visual-regression.spec.ts:26:7 › Visual Regression Tests › homepage desktop layout 

    Error: A snapshot doesn't exist at C:\BorderlessBits\GitProjects\BorderlessBits.com\tests\visual\visual-regression.spec.ts-snapshots\homepage-desktop-chromium-win32.png, writing actual.

      38 |
      39 |     // Take full page screenshot
    > 40 |     await expect(page).toHaveScreenshot('homepage-desktop.png', {
         |     ^
      41 |       fullPage: true,
      42 |       threshold: 0.2,
      43 |       maxDiffPixels: 1000,
        at C:\BorderlessBits\GitProjects\BorderlessBits.com\tests\visual\visual-regression.spec.ts:40:5

    attachment #1: homepage-desktop (image/png) ────────────────────────────────────────────────────
    Expected: visual\visual-regression.spec.ts-snapshots\homepage-desktop-chromium-win32.png
    Received: ..\test-results\visual-visual-regression-V-0b689-sts-homepage-desktop-layout-chromium\homepage-desktop-actual.png
    ────────────────────────────────────────────────────────────────────────────────────────────────

    attachment #2: screenshot (image/png) ──────────────────────────────────────────────────────────
    ..\test-results\visual-visual-regression-V-0b689-sts-homepage-desktop-layout-chromium\test-failed-1.png
    ────────────────────────────────────────────────────────────────────────────────────────────────

    attachment #3: video (video/webm) ──────────────────────────────────────────────────────────────
    ..\test-results\visual-visual-regression-V-0b689-sts-homepage-desktop-layout-chromium\video.webm
    ────────────────────────────────────────────────────────────────────────────────────────────────

    Error Context: ..\test-results\visual-visual-regression-V-0b689-sts-homepage-desktop-layout-chromium\error-context.md
]]>
</failure>
<system-out>
<![CDATA[
[[ATTACHMENT|..\tests\visual\visual-regression.spec.ts-snapshots\homepage-desktop-chromium-win32.png]]

[[ATTACHMENT|..\test-results\visual-visual-regression-V-0b689-sts-homepage-desktop-layout-chromium\homepage-desktop-actual.png]]

[[ATTACHMENT|..\test-results\visual-visual-regression-V-0b689-sts-homepage-desktop-layout-chromium\test-failed-1.png]]

[[ATTACHMENT|..\test-results\visual-visual-regression-V-0b689-sts-homepage-desktop-layout-chromium\video.webm]]

[[ATTACHMENT|..\test-results\visual-visual-regression-V-0b689-sts-homepage-desktop-layout-chromium\error-context.md]]
]]>
</system-out>
</testcase>
<testcase name="Visual Regression Tests › homepage tablet layout" classname="visual\visual-regression.spec.ts" time="3.211">
<failure message="visual-regression.spec.ts:47:7 homepage tablet layout" type="FAILURE">
<![CDATA[  [chromium] › visual\visual-regression.spec.ts:47:7 › Visual Regression Tests › homepage tablet layout 

    Error: A snapshot doesn't exist at C:\BorderlessBits\GitProjects\BorderlessBits.com\tests\visual\visual-regression.spec.ts-snapshots\homepage-tablet-chromium-win32.png, writing actual.

      52 |     await page.waitForTimeout(2000);
      53 |
    > 54 |     await expect(page).toHaveScreenshot('homepage-tablet.png', {
         |     ^
      55 |       fullPage: true,
      56 |       threshold: 0.2,
      57 |       maxDiffPixels: 800,
        at C:\BorderlessBits\GitProjects\BorderlessBits.com\tests\visual\visual-regression.spec.ts:54:5

    attachment #1: homepage-tablet (image/png) ─────────────────────────────────────────────────────
    Expected: visual\visual-regression.spec.ts-snapshots\homepage-tablet-chromium-win32.png
    Received: ..\test-results\visual-visual-regression-V-0ec47-ests-homepage-tablet-layout-chromium\homepage-tablet-actual.png
    ────────────────────────────────────────────────────────────────────────────────────────────────

    attachment #2: screenshot (image/png) ──────────────────────────────────────────────────────────
    ..\test-results\visual-visual-regression-V-0ec47-ests-homepage-tablet-layout-chromium\test-failed-1.png
    ────────────────────────────────────────────────────────────────────────────────────────────────

    attachment #3: video (video/webm) ──────────────────────────────────────────────────────────────
    ..\test-results\visual-visual-regression-V-0ec47-ests-homepage-tablet-layout-chromium\video.webm
    ────────────────────────────────────────────────────────────────────────────────────────────────

    Error Context: ..\test-results\visual-visual-regression-V-0ec47-ests-homepage-tablet-layout-chromium\error-context.md
]]>
</failure>
<system-out>
<![CDATA[
[[ATTACHMENT|..\tests\visual\visual-regression.spec.ts-snapshots\homepage-tablet-chromium-win32.png]]

[[ATTACHMENT|..\test-results\visual-visual-regression-V-0ec47-ests-homepage-tablet-layout-chromium\homepage-tablet-actual.png]]

[[ATTACHMENT|..\test-results\visual-visual-regression-V-0ec47-ests-homepage-tablet-layout-chromium\test-failed-1.png]]

[[ATTACHMENT|..\test-results\visual-visual-regression-V-0ec47-ests-homepage-tablet-layout-chromium\video.webm]]

[[ATTACHMENT|..\test-results\visual-visual-regression-V-0ec47-ests-homepage-tablet-layout-chromium\error-context.md]]
]]>
</system-out>
</testcase>
<testcase name="Visual Regression Tests › homepage mobile layout" classname="visual\visual-regression.spec.ts" time="3.144">
<failure message="visual-regression.spec.ts:61:7 homepage mobile layout" type="FAILURE">
<![CDATA[  [chromium] › visual\visual-regression.spec.ts:61:7 › Visual Regression Tests › homepage mobile layout 

    Error: A snapshot doesn't exist at C:\BorderlessBits\GitProjects\BorderlessBits.com\tests\visual\visual-regression.spec.ts-snapshots\homepage-mobile-chromium-win32.png, writing actual.

      66 |     await page.waitForTimeout(2000);
      67 |
    > 68 |     await expect(page).toHaveScreenshot('homepage-mobile.png', {
         |     ^
      69 |       fullPage: true,
      70 |       threshold: 0.2,
      71 |       maxDiffPixels: 600,
        at C:\BorderlessBits\GitProjects\BorderlessBits.com\tests\visual\visual-regression.spec.ts:68:5

    attachment #1: homepage-mobile (image/png) ─────────────────────────────────────────────────────
    Expected: visual\visual-regression.spec.ts-snapshots\homepage-mobile-chromium-win32.png
    Received: ..\test-results\visual-visual-regression-V-31500-ests-homepage-mobile-layout-chromium\homepage-mobile-actual.png
    ────────────────────────────────────────────────────────────────────────────────────────────────

    attachment #2: screenshot (image/png) ──────────────────────────────────────────────────────────
    ..\test-results\visual-visual-regression-V-31500-ests-homepage-mobile-layout-chromium\test-failed-1.png
    ────────────────────────────────────────────────────────────────────────────────────────────────

    attachment #3: video (video/webm) ──────────────────────────────────────────────────────────────
    ..\test-results\visual-visual-regression-V-31500-ests-homepage-mobile-layout-chromium\video.webm
    ────────────────────────────────────────────────────────────────────────────────────────────────

    Error Context: ..\test-results\visual-visual-regression-V-31500-ests-homepage-mobile-layout-chromium\error-context.md
]]>
</failure>
<system-out>
<![CDATA[
[[ATTACHMENT|..\tests\visual\visual-regression.spec.ts-snapshots\homepage-mobile-chromium-win32.png]]

[[ATTACHMENT|..\test-results\visual-visual-regression-V-31500-ests-homepage-mobile-layout-chromium\homepage-mobile-actual.png]]

[[ATTACHMENT|..\test-results\visual-visual-regression-V-31500-ests-homepage-mobile-layout-chromium\test-failed-1.png]]

[[ATTACHMENT|..\test-results\visual-visual-regression-V-31500-ests-homepage-mobile-layout-chromium\video.webm]]

[[ATTACHMENT|..\test-results\visual-visual-regression-V-31500-ests-homepage-mobile-layout-chromium\error-context.md]]
]]>
</system-out>
</testcase>
<testcase name="Visual Regression Tests › contact page desktop layout" classname="visual\visual-regression.spec.ts" time="3.536">
<failure message="visual-regression.spec.ts:75:7 contact page desktop layout" type="FAILURE">
<![CDATA[  [chromium] › visual\visual-regression.spec.ts:75:7 › Visual Regression Tests › contact page desktop layout 

    Error: A snapshot doesn't exist at C:\BorderlessBits\GitProjects\BorderlessBits.com\tests\visual\visual-regression.spec.ts-snapshots\contact-desktop-chromium-win32.png, writing actual.

      80 |     await page.waitForTimeout(2000);
      81 |
    > 82 |     await expect(page).toHaveScreenshot('contact-desktop.png', {
         |     ^
      83 |       fullPage: true,
      84 |       threshold: 0.2,
      85 |       maxDiffPixels: 1000,
        at C:\BorderlessBits\GitProjects\BorderlessBits.com\tests\visual\visual-regression.spec.ts:82:5

    attachment #1: contact-desktop (image/png) ─────────────────────────────────────────────────────
    Expected: visual\visual-regression.spec.ts-snapshots\contact-desktop-chromium-win32.png
    Received: ..\test-results\visual-visual-regression-V-6d274-contact-page-desktop-layout-chromium\contact-desktop-actual.png
    ────────────────────────────────────────────────────────────────────────────────────────────────

    attachment #2: screenshot (image/png) ──────────────────────────────────────────────────────────
    ..\test-results\visual-visual-regression-V-6d274-contact-page-desktop-layout-chromium\test-failed-1.png
    ────────────────────────────────────────────────────────────────────────────────────────────────

    attachment #3: video (video/webm) ──────────────────────────────────────────────────────────────
    ..\test-results\visual-visual-regression-V-6d274-contact-page-desktop-layout-chromium\video.webm
    ────────────────────────────────────────────────────────────────────────────────────────────────

    Error Context: ..\test-results\visual-visual-regression-V-6d274-contact-page-desktop-layout-chromium\error-context.md
]]>
</failure>
<system-out>
<![CDATA[
[[ATTACHMENT|..\tests\visual\visual-regression.spec.ts-snapshots\contact-desktop-chromium-win32.png]]

[[ATTACHMENT|..\test-results\visual-visual-regression-V-6d274-contact-page-desktop-layout-chromium\contact-desktop-actual.png]]

[[ATTACHMENT|..\test-results\visual-visual-regression-V-6d274-contact-page-desktop-layout-chromium\test-failed-1.png]]

[[ATTACHMENT|..\test-results\visual-visual-regression-V-6d274-contact-page-desktop-layout-chromium\video.webm]]

[[ATTACHMENT|..\test-results\visual-visual-regression-V-6d274-contact-page-desktop-layout-chromium\error-context.md]]
]]>
</system-out>
</testcase>
<testcase name="Visual Regression Tests › contact page mobile layout" classname="visual\visual-regression.spec.ts" time="2.964">
<failure message="visual-regression.spec.ts:89:7 contact page mobile layout" type="FAILURE">
<![CDATA[  [chromium] › visual\visual-regression.spec.ts:89:7 › Visual Regression Tests › contact page mobile layout 

    Error: A snapshot doesn't exist at C:\BorderlessBits\GitProjects\BorderlessBits.com\tests\visual\visual-regression.spec.ts-snapshots\contact-mobile-chromium-win32.png, writing actual.

      94 |     await page.waitForTimeout(2000);
      95 |
    > 96 |     await expect(page).toHaveScreenshot('contact-mobile.png', {
         |     ^
      97 |       fullPage: true,
      98 |       threshold: 0.2,
      99 |       maxDiffPixels: 600,
        at C:\BorderlessBits\GitProjects\BorderlessBits.com\tests\visual\visual-regression.spec.ts:96:5

    attachment #1: contact-mobile (image/png) ──────────────────────────────────────────────────────
    Expected: visual\visual-regression.spec.ts-snapshots\contact-mobile-chromium-win32.png
    Received: ..\test-results\visual-visual-regression-V-b6267--contact-page-mobile-layout-chromium\contact-mobile-actual.png
    ────────────────────────────────────────────────────────────────────────────────────────────────

    attachment #2: screenshot (image/png) ──────────────────────────────────────────────────────────
    ..\test-results\visual-visual-regression-V-b6267--contact-page-mobile-layout-chromium\test-failed-1.png
    ────────────────────────────────────────────────────────────────────────────────────────────────

    attachment #3: video (video/webm) ──────────────────────────────────────────────────────────────
    ..\test-results\visual-visual-regression-V-b6267--contact-page-mobile-layout-chromium\video.webm
    ────────────────────────────────────────────────────────────────────────────────────────────────

    Error Context: ..\test-results\visual-visual-regression-V-b6267--contact-page-mobile-layout-chromium\error-context.md
]]>
</failure>
<system-out>
<![CDATA[
[[ATTACHMENT|..\tests\visual\visual-regression.spec.ts-snapshots\contact-mobile-chromium-win32.png]]

[[ATTACHMENT|..\test-results\visual-visual-regression-V-b6267--contact-page-mobile-layout-chromium\contact-mobile-actual.png]]

[[ATTACHMENT|..\test-results\visual-visual-regression-V-b6267--contact-page-mobile-layout-chromium\test-failed-1.png]]

[[ATTACHMENT|..\test-results\visual-visual-regression-V-b6267--contact-page-mobile-layout-chromium\video.webm]]

[[ATTACHMENT|..\test-results\visual-visual-regression-V-b6267--contact-page-mobile-layout-chromium\error-context.md]]
]]>
</system-out>
</testcase>
<testcase name="Visual Regression Tests › navigation component states" classname="visual\visual-regression.spec.ts" time="11.176">
<failure message="visual-regression.spec.ts:103:7 navigation component states" type="FAILURE">
<![CDATA[  [chromium] › visual\visual-regression.spec.ts:103:7 › Visual Regression Tests › navigation component states 

    Error: Timed out 10000ms waiting for expect(locator).toHaveScreenshot(expected)

    Locator: locator('nav').first()
      Timeout 10000ms exceeded.

      Snapshot: navigation-default.png

    Call log:
      - Expect "toHaveScreenshot(navigation-default.png)" with timeout 10000ms
        - generating new stable screenshot expectation
      - waiting for locator('nav').first()
      - Timeout 10000ms exceeded.


      109 |
      110 |     // Default navigation state
    > 111 |     await expect(nav).toHaveScreenshot('navigation-default.png', {
          |                       ^
      112 |       threshold: 0.1,
      113 |     });
      114 |
        at C:\BorderlessBits\GitProjects\BorderlessBits.com\tests\visual\visual-regression.spec.ts:111:23

    attachment #1: screenshot (image/png) ──────────────────────────────────────────────────────────
    ..\test-results\visual-visual-regression-V-409e4-navigation-component-states-chromium\test-failed-1.png
    ────────────────────────────────────────────────────────────────────────────────────────────────

    attachment #2: video (video/webm) ──────────────────────────────────────────────────────────────
    ..\test-results\visual-visual-regression-V-409e4-navigation-component-states-chromium\video.webm
    ────────────────────────────────────────────────────────────────────────────────────────────────

    Error Context: ..\test-results\visual-visual-regression-V-409e4-navigation-component-states-chromium\error-context.md
]]>
</failure>
<system-out>
<![CDATA[
[[ATTACHMENT|..\test-results\visual-visual-regression-V-409e4-navigation-component-states-chromium\test-failed-1.png]]

[[ATTACHMENT|..\test-results\visual-visual-regression-V-409e4-navigation-component-states-chromium\video.webm]]

[[ATTACHMENT|..\test-results\visual-visual-regression-V-409e4-navigation-component-states-chromium\error-context.md]]
]]>
</system-out>
</testcase>
<testcase name="Visual Regression Tests › form component visual states" classname="visual\visual-regression.spec.ts" time="11.07">
<failure message="visual-regression.spec.ts:129:7 form component visual states" type="FAILURE">
<![CDATA[  [chromium] › visual\visual-regression.spec.ts:129:7 › Visual Regression Tests › form component visual states 

    Error: Timed out 10000ms waiting for expect(locator).toHaveScreenshot(expected)

    Locator: locator('form').first()
      Timeout 10000ms exceeded.

      Snapshot: form-empty.png

    Call log:
      - Expect "toHaveScreenshot(form-empty.png)" with timeout 10000ms
        - generating new stable screenshot expectation
      - waiting for locator('form').first()
      - Timeout 10000ms exceeded.


      134 |
      135 |     // Empty form state
    > 136 |     await expect(form).toHaveScreenshot('form-empty.png', {
          |                        ^
      137 |       threshold: 0.1,
      138 |     });
      139 |
        at C:\BorderlessBits\GitProjects\BorderlessBits.com\tests\visual\visual-regression.spec.ts:136:24

    attachment #1: screenshot (image/png) ──────────────────────────────────────────────────────────
    ..\test-results\visual-visual-regression-V-89e01-orm-component-visual-states-chromium\test-failed-1.png
    ────────────────────────────────────────────────────────────────────────────────────────────────

    attachment #2: video (video/webm) ──────────────────────────────────────────────────────────────
    ..\test-results\visual-visual-regression-V-89e01-orm-component-visual-states-chromium\video.webm
    ────────────────────────────────────────────────────────────────────────────────────────────────

    Error Context: ..\test-results\visual-visual-regression-V-89e01-orm-component-visual-states-chromium\error-context.md
]]>
</failure>
<system-out>
<![CDATA[
[[ATTACHMENT|..\test-results\visual-visual-regression-V-89e01-orm-component-visual-states-chromium\test-failed-1.png]]

[[ATTACHMENT|..\test-results\visual-visual-regression-V-89e01-orm-component-visual-states-chromium\video.webm]]

[[ATTACHMENT|..\test-results\visual-visual-regression-V-89e01-orm-component-visual-states-chromium\error-context.md]]
]]>
</system-out>
</testcase>
<testcase name="Visual Regression Tests › hero section component" classname="visual\visual-regression.spec.ts" time="0.645">
</testcase>
<testcase name="Visual Regression Tests › footer component" classname="visual\visual-regression.spec.ts" time="0.654">
</testcase>
<testcase name="Visual Regression Tests › responsive breakpoints" classname="visual\visual-regression.spec.ts" time="6.363">
</testcase>
<testcase name="Visual Regression Tests › dark mode support (if implemented)" classname="visual\visual-regression.spec.ts" time="0.874">
</testcase>
<testcase name="Visual Regression Tests › loading states (if implemented)" classname="visual\visual-regression.spec.ts" time="1.51">
</testcase>
<testcase name="Visual Regression Tests › error states (404 page)" classname="visual\visual-regression.spec.ts" time="0.949">
</testcase>
<testcase name="Visual Regression Tests › accessibility focus states" classname="visual\visual-regression.spec.ts" time="1.818">
</testcase>
</testsuite>
<testsuite name="e2e\contact.spec.ts" timestamp="2025-08-11T17:24:45.565Z" hostname="firefox" tests="10" failures="10" skipped="0" time="0.036" errors="0">
<testcase name="Contact Page › should load successfully" classname="e2e\contact.spec.ts" time="0.004">
<failure message="contact.spec.ts:8:7 should load successfully" type="FAILURE">
<![CDATA[  [firefox] › e2e\contact.spec.ts:8:7 › Contact Page › should load successfully ────────────────────

    Error: browserType.launch: Executable doesn't exist at C:\Users\richa\AppData\Local\ms-playwright\firefox-1489\firefox\firefox.exe
    ╔═════════════════════════════════════════════════════════════════════════╗
    ║ Looks like Playwright Test or Playwright was just installed or updated. ║
    ║ Please run the following command to download new browsers:              ║
    ║                                                                         ║
    ║     npx playwright install                                              ║
    ║                                                                         ║
    ║ <3 Playwright Team                                                      ║
    ╚═════════════════════════════════════════════════════════════════════════╝
]]>
</failure>
</testcase>
<testcase name="Contact Page › should display contact form" classname="e2e\contact.spec.ts" time="0.003">
<failure message="contact.spec.ts:13:7 should display contact form" type="FAILURE">
<![CDATA[  [firefox] › e2e\contact.spec.ts:13:7 › Contact Page › should display contact form ────────────────

    Error: browserType.launch: Executable doesn't exist at C:\Users\richa\AppData\Local\ms-playwright\firefox-1489\firefox\firefox.exe
    ╔═════════════════════════════════════════════════════════════════════════╗
    ║ Looks like Playwright Test or Playwright was just installed or updated. ║
    ║ Please run the following command to download new browsers:              ║
    ║                                                                         ║
    ║     npx playwright install                                              ║
    ║                                                                         ║
    ║ <3 Playwright Team                                                      ║
    ╚═════════════════════════════════════════════════════════════════════════╝
]]>
</failure>
</testcase>
<testcase name="Contact Page › should validate required fields" classname="e2e\contact.spec.ts" time="0.003">
<failure message="contact.spec.ts:42:7 should validate required fields" type="FAILURE">
<![CDATA[  [firefox] › e2e\contact.spec.ts:42:7 › Contact Page › should validate required fields ────────────

    Error: browserType.launch: Executable doesn't exist at C:\Users\richa\AppData\Local\ms-playwright\firefox-1489\firefox\firefox.exe
    ╔═════════════════════════════════════════════════════════════════════════╗
    ║ Looks like Playwright Test or Playwright was just installed or updated. ║
    ║ Please run the following command to download new browsers:              ║
    ║                                                                         ║
    ║     npx playwright install                                              ║
    ║                                                                         ║
    ║ <3 Playwright Team                                                      ║
    ╚═════════════════════════════════════════════════════════════════════════╝
]]>
</failure>
</testcase>
<testcase name="Contact Page › should validate email format" classname="e2e\contact.spec.ts" time="0.005">
<failure message="contact.spec.ts:70:7 should validate email format" type="FAILURE">
<![CDATA[  [firefox] › e2e\contact.spec.ts:70:7 › Contact Page › should validate email format ───────────────

    Error: browserType.launch: Executable doesn't exist at C:\Users\richa\AppData\Local\ms-playwright\firefox-1489\firefox\firefox.exe
    ╔═════════════════════════════════════════════════════════════════════════╗
    ║ Looks like Playwright Test or Playwright was just installed or updated. ║
    ║ Please run the following command to download new browsers:              ║
    ║                                                                         ║
    ║     npx playwright install                                              ║
    ║                                                                         ║
    ║ <3 Playwright Team                                                      ║
    ╚═════════════════════════════════════════════════════════════════════════╝
]]>
</failure>
</testcase>
<testcase name="Contact Page › should handle form submission" classname="e2e\contact.spec.ts" time="0.003">
<failure message="contact.spec.ts:92:7 should handle form submission" type="FAILURE">
<![CDATA[  [firefox] › e2e\contact.spec.ts:92:7 › Contact Page › should handle form submission ──────────────

    Error: browserType.launch: Executable doesn't exist at C:\Users\richa\AppData\Local\ms-playwright\firefox-1489\firefox\firefox.exe
    ╔═════════════════════════════════════════════════════════════════════════╗
    ║ Looks like Playwright Test or Playwright was just installed or updated. ║
    ║ Please run the following command to download new browsers:              ║
    ║                                                                         ║
    ║     npx playwright install                                              ║
    ║                                                                         ║
    ║ <3 Playwright Team                                                      ║
    ╚═════════════════════════════════════════════════════════════════════════╝
]]>
</failure>
</testcase>
<testcase name="Contact Page › should display contact information" classname="e2e\contact.spec.ts" time="0.004">
<failure message="contact.spec.ts:183:7 should display contact information" type="FAILURE">
<![CDATA[  [firefox] › e2e\contact.spec.ts:183:7 › Contact Page › should display contact information ────────

    Error: browserType.launch: Executable doesn't exist at C:\Users\richa\AppData\Local\ms-playwright\firefox-1489\firefox\firefox.exe
    ╔═════════════════════════════════════════════════════════════════════════╗
    ║ Looks like Playwright Test or Playwright was just installed or updated. ║
    ║ Please run the following command to download new browsers:              ║
    ║                                                                         ║
    ║     npx playwright install                                              ║
    ║                                                                         ║
    ║ <3 Playwright Team                                                      ║
    ╚═════════════════════════════════════════════════════════════════════════╝
]]>
</failure>
</testcase>
<testcase name="Contact Page › should have proper accessibility" classname="e2e\contact.spec.ts" time="0.004">
<failure message="contact.spec.ts:201:7 should have proper accessibility" type="FAILURE">
<![CDATA[  [firefox] › e2e\contact.spec.ts:201:7 › Contact Page › should have proper accessibility ──────────

    Error: browserType.launch: Executable doesn't exist at C:\Users\richa\AppData\Local\ms-playwright\firefox-1489\firefox\firefox.exe
    ╔═════════════════════════════════════════════════════════════════════════╗
    ║ Looks like Playwright Test or Playwright was just installed or updated. ║
    ║ Please run the following command to download new browsers:              ║
    ║                                                                         ║
    ║     npx playwright install                                              ║
    ║                                                                         ║
    ║ <3 Playwright Team                                                      ║
    ╚═════════════════════════════════════════════════════════════════════════╝
]]>
</failure>
</testcase>
<testcase name="Contact Page › should handle spam protection gracefully" classname="e2e\contact.spec.ts" time="0.003">
<failure message="contact.spec.ts:232:7 should handle spam protection gracefully" type="FAILURE">
<![CDATA[  [firefox] › e2e\contact.spec.ts:232:7 › Contact Page › should handle spam protection gracefully ──

    Error: browserType.launch: Executable doesn't exist at C:\Users\richa\AppData\Local\ms-playwright\firefox-1489\firefox\firefox.exe
    ╔═════════════════════════════════════════════════════════════════════════╗
    ║ Looks like Playwright Test or Playwright was just installed or updated. ║
    ║ Please run the following command to download new browsers:              ║
    ║                                                                         ║
    ║     npx playwright install                                              ║
    ║                                                                         ║
    ║ <3 Playwright Team                                                      ║
    ╚═════════════════════════════════════════════════════════════════════════╝
]]>
</failure>
</testcase>
<testcase name="Contact Page › should be mobile-friendly" classname="e2e\contact.spec.ts" time="0.003">
<failure message="contact.spec.ts:248:7 should be mobile-friendly" type="FAILURE">
<![CDATA[  [firefox] › e2e\contact.spec.ts:248:7 › Contact Page › should be mobile-friendly ─────────────────

    Error: browserType.launch: Executable doesn't exist at C:\Users\richa\AppData\Local\ms-playwright\firefox-1489\firefox\firefox.exe
    ╔═════════════════════════════════════════════════════════════════════════╗
    ║ Looks like Playwright Test or Playwright was just installed or updated. ║
    ║ Please run the following command to download new browsers:              ║
    ║                                                                         ║
    ║     npx playwright install                                              ║
    ║                                                                         ║
    ║ <3 Playwright Team                                                      ║
    ╚═════════════════════════════════════════════════════════════════════════╝
]]>
</failure>
</testcase>
<testcase name="Contact Page › should load without errors" classname="e2e\contact.spec.ts" time="0.004">
<failure message="contact.spec.ts:278:7 should load without errors" type="FAILURE">
<![CDATA[  [firefox] › e2e\contact.spec.ts:278:7 › Contact Page › should load without errors ────────────────

    Error: browserType.launch: Executable doesn't exist at C:\Users\richa\AppData\Local\ms-playwright\firefox-1489\firefox\firefox.exe
    ╔═════════════════════════════════════════════════════════════════════════╗
    ║ Looks like Playwright Test or Playwright was just installed or updated. ║
    ║ Please run the following command to download new browsers:              ║
    ║                                                                         ║
    ║     npx playwright install                                              ║
    ║                                                                         ║
    ║ <3 Playwright Team                                                      ║
    ╚═════════════════════════════════════════════════════════════════════════╝
]]>
</failure>
</testcase>
</testsuite>
<testsuite name="e2e\homepage.spec.ts" timestamp="2025-08-11T17:24:45.565Z" hostname="firefox" tests="9" failures="9" skipped="0" time="0.038" errors="0">
<testcase name="Homepage › should load successfully" classname="e2e\homepage.spec.ts" time="0.003">
<failure message="homepage.spec.ts:8:7 should load successfully" type="FAILURE">
<![CDATA[  [firefox] › e2e\homepage.spec.ts:8:7 › Homepage › should load successfully ───────────────────────

    Error: browserType.launch: Executable doesn't exist at C:\Users\richa\AppData\Local\ms-playwright\firefox-1489\firefox\firefox.exe
    ╔═════════════════════════════════════════════════════════════════════════╗
    ║ Looks like Playwright Test or Playwright was just installed or updated. ║
    ║ Please run the following command to download new browsers:              ║
    ║                                                                         ║
    ║     npx playwright install                                              ║
    ║                                                                         ║
    ║ <3 Playwright Team                                                      ║
    ╚═════════════════════════════════════════════════════════════════════════╝
]]>
</failure>
</testcase>
<testcase name="Homepage › should display main navigation" classname="e2e\homepage.spec.ts" time="0.003">
<failure message="homepage.spec.ts:16:7 should display main navigation" type="FAILURE">
<![CDATA[  [firefox] › e2e\homepage.spec.ts:16:7 › Homepage › should display main navigation ────────────────

    Error: browserType.launch: Executable doesn't exist at C:\Users\richa\AppData\Local\ms-playwright\firefox-1489\firefox\firefox.exe
    ╔═════════════════════════════════════════════════════════════════════════╗
    ║ Looks like Playwright Test or Playwright was just installed or updated. ║
    ║ Please run the following command to download new browsers:              ║
    ║                                                                         ║
    ║     npx playwright install                                              ║
    ║                                                                         ║
    ║ <3 Playwright Team                                                      ║
    ╚═════════════════════════════════════════════════════════════════════════╝
]]>
</failure>
</testcase>
<testcase name="Homepage › should display hero section" classname="e2e\homepage.spec.ts" time="0.007">
<failure message="homepage.spec.ts:32:7 should display hero section" type="FAILURE">
<![CDATA[  [firefox] › e2e\homepage.spec.ts:32:7 › Homepage › should display hero section ───────────────────

    Error: browserType.launch: Executable doesn't exist at C:\Users\richa\AppData\Local\ms-playwright\firefox-1489\firefox\firefox.exe
    ╔═════════════════════════════════════════════════════════════════════════╗
    ║ Looks like Playwright Test or Playwright was just installed or updated. ║
    ║ Please run the following command to download new browsers:              ║
    ║                                                                         ║
    ║     npx playwright install                                              ║
    ║                                                                         ║
    ║ <3 Playwright Team                                                      ║
    ╚═════════════════════════════════════════════════════════════════════════╝
]]>
</failure>
</testcase>
<testcase name="Homepage › should have working contact CTA" classname="e2e\homepage.spec.ts" time="0.005">
<failure message="homepage.spec.ts:42:7 should have working contact CTA" type="FAILURE">
<![CDATA[  [firefox] › e2e\homepage.spec.ts:42:7 › Homepage › should have working contact CTA ───────────────

    Error: browserType.launch: Executable doesn't exist at C:\Users\richa\AppData\Local\ms-playwright\firefox-1489\firefox\firefox.exe
    ╔═════════════════════════════════════════════════════════════════════════╗
    ║ Looks like Playwright Test or Playwright was just installed or updated. ║
    ║ Please run the following command to download new browsers:              ║
    ║                                                                         ║
    ║     npx playwright install                                              ║
    ║                                                                         ║
    ║ <3 Playwright Team                                                      ║
    ╚═════════════════════════════════════════════════════════════════════════╝
]]>
</failure>
</testcase>
<testcase name="Homepage › should display services section" classname="e2e\homepage.spec.ts" time="0.004">
<failure message="homepage.spec.ts:58:7 should display services section" type="FAILURE">
<![CDATA[  [firefox] › e2e\homepage.spec.ts:58:7 › Homepage › should display services section ───────────────

    Error: browserType.launch: Executable doesn't exist at C:\Users\richa\AppData\Local\ms-playwright\firefox-1489\firefox\firefox.exe
    ╔═════════════════════════════════════════════════════════════════════════╗
    ║ Looks like Playwright Test or Playwright was just installed or updated. ║
    ║ Please run the following command to download new browsers:              ║
    ║                                                                         ║
    ║     npx playwright install                                              ║
    ║                                                                         ║
    ║ <3 Playwright Team                                                      ║
    ╚═════════════════════════════════════════════════════════════════════════╝
]]>
</failure>
</testcase>
<testcase name="Homepage › should have proper meta tags for SEO" classname="e2e\homepage.spec.ts" time="0.004">
<failure message="homepage.spec.ts:83:7 should have proper meta tags for SEO" type="FAILURE">
<![CDATA[  [firefox] › e2e\homepage.spec.ts:83:7 › Homepage › should have proper meta tags for SEO ──────────

    Error: browserType.launch: Executable doesn't exist at C:\Users\richa\AppData\Local\ms-playwright\firefox-1489\firefox\firefox.exe
    ╔═════════════════════════════════════════════════════════════════════════╗
    ║ Looks like Playwright Test or Playwright was just installed or updated. ║
    ║ Please run the following command to download new browsers:              ║
    ║                                                                         ║
    ║     npx playwright install                                              ║
    ║                                                                         ║
    ║ <3 Playwright Team                                                      ║
    ╚═════════════════════════════════════════════════════════════════════════╝
]]>
</failure>
</testcase>
<testcase name="Homepage › should be responsive on mobile" classname="e2e\homepage.spec.ts" time="0.004">
<failure message="homepage.spec.ts:101:7 should be responsive on mobile" type="FAILURE">
<![CDATA[  [firefox] › e2e\homepage.spec.ts:101:7 › Homepage › should be responsive on mobile ───────────────

    Error: browserType.launch: Executable doesn't exist at C:\Users\richa\AppData\Local\ms-playwright\firefox-1489\firefox\firefox.exe
    ╔═════════════════════════════════════════════════════════════════════════╗
    ║ Looks like Playwright Test or Playwright was just installed or updated. ║
    ║ Please run the following command to download new browsers:              ║
    ║                                                                         ║
    ║     npx playwright install                                              ║
    ║                                                                         ║
    ║ <3 Playwright Team                                                      ║
    ╚═════════════════════════════════════════════════════════════════════════╝
]]>
</failure>
</testcase>
<testcase name="Homepage › should have accessible navigation" classname="e2e\homepage.spec.ts" time="0.004">
<failure message="homepage.spec.ts:118:7 should have accessible navigation" type="FAILURE">
<![CDATA[  [firefox] › e2e\homepage.spec.ts:118:7 › Homepage › should have accessible navigation ────────────

    Error: browserType.launch: Executable doesn't exist at C:\Users\richa\AppData\Local\ms-playwright\firefox-1489\firefox\firefox.exe
    ╔═════════════════════════════════════════════════════════════════════════╗
    ║ Looks like Playwright Test or Playwright was just installed or updated. ║
    ║ Please run the following command to download new browsers:              ║
    ║                                                                         ║
    ║     npx playwright install                                              ║
    ║                                                                         ║
    ║ <3 Playwright Team                                                      ║
    ╚═════════════════════════════════════════════════════════════════════════╝
]]>
</failure>
</testcase>
<testcase name="Homepage › should load without JavaScript errors" classname="e2e\homepage.spec.ts" time="0.004">
<failure message="homepage.spec.ts:140:7 should load without JavaScript errors" type="FAILURE">
<![CDATA[  [firefox] › e2e\homepage.spec.ts:140:7 › Homepage › should load without JavaScript errors ────────

    Error: browserType.launch: Executable doesn't exist at C:\Users\richa\AppData\Local\ms-playwright\firefox-1489\firefox\firefox.exe
    ╔═════════════════════════════════════════════════════════════════════════╗
    ║ Looks like Playwright Test or Playwright was just installed or updated. ║
    ║ Please run the following command to download new browsers:              ║
    ║                                                                         ║
    ║     npx playwright install                                              ║
    ║                                                                         ║
    ║ <3 Playwright Team                                                      ║
    ╚═════════════════════════════════════════════════════════════════════════╝
]]>
</failure>
</testcase>
</testsuite>
<testsuite name="performance\lighthouse.spec.ts" timestamp="2025-08-11T17:24:45.565Z" hostname="firefox" tests="9" failures="9" skipped="0" time="0.038" errors="0">
<testcase name="Lighthouse Performance Tests › should meet performance thresholds on homepage" classname="performance\lighthouse.spec.ts" time="0.004">
<failure message="lighthouse.spec.ts:5:7 should meet performance thresholds on homepage" type="FAILURE">
<![CDATA[  [firefox] › performance\lighthouse.spec.ts:5:7 › Lighthouse Performance Tests › should meet performance thresholds on homepage 

    Error: browserType.launch: Executable doesn't exist at C:\Users\richa\AppData\Local\ms-playwright\firefox-1489\firefox\firefox.exe
    ╔═════════════════════════════════════════════════════════════════════════╗
    ║ Looks like Playwright Test or Playwright was just installed or updated. ║
    ║ Please run the following command to download new browsers:              ║
    ║                                                                         ║
    ║     npx playwright install                                              ║
    ║                                                                         ║
    ║ <3 Playwright Team                                                      ║
    ╚═════════════════════════════════════════════════════════════════════════╝
]]>
</failure>
</testcase>
<testcase name="Lighthouse Performance Tests › should meet performance thresholds on contact page" classname="performance\lighthouse.spec.ts" time="0.004">
<failure message="lighthouse.spec.ts:32:7 should meet performance thresholds on contact page" type="FAILURE">
<![CDATA[  [firefox] › performance\lighthouse.spec.ts:32:7 › Lighthouse Performance Tests › should meet performance thresholds on contact page 

    Error: browserType.launch: Executable doesn't exist at C:\Users\richa\AppData\Local\ms-playwright\firefox-1489\firefox\firefox.exe
    ╔═════════════════════════════════════════════════════════════════════════╗
    ║ Looks like Playwright Test or Playwright was just installed or updated. ║
    ║ Please run the following command to download new browsers:              ║
    ║                                                                         ║
    ║     npx playwright install                                              ║
    ║                                                                         ║
    ║ <3 Playwright Team                                                      ║
    ╚═════════════════════════════════════════════════════════════════════════╝
]]>
</failure>
</testcase>
<testcase name="Lighthouse Performance Tests › should have good Core Web Vitals" classname="performance\lighthouse.spec.ts" time="0.004">
<failure message="lighthouse.spec.ts:58:7 should have good Core Web Vitals" type="FAILURE">
<![CDATA[  [firefox] › performance\lighthouse.spec.ts:58:7 › Lighthouse Performance Tests › should have good Core Web Vitals 

    Error: browserType.launch: Executable doesn't exist at C:\Users\richa\AppData\Local\ms-playwright\firefox-1489\firefox\firefox.exe
    ╔═════════════════════════════════════════════════════════════════════════╗
    ║ Looks like Playwright Test or Playwright was just installed or updated. ║
    ║ Please run the following command to download new browsers:              ║
    ║                                                                         ║
    ║     npx playwright install                                              ║
    ║                                                                         ║
    ║ <3 Playwright Team                                                      ║
    ╚═════════════════════════════════════════════════════════════════════════╝
]]>
</failure>
</testcase>
[...]
]]>
</system-out>
</testcase>
<testcase name="Visual Regression Tests › hero section component" classname="visual\visual-regression.spec.ts" time="1.1">
</testcase>
<testcase name="Visual Regression Tests › footer component" classname="visual\visual-regression.spec.ts" time="1.064">
</testcase>
<testcase name="Visual Regression Tests › responsive breakpoints" classname="visual\visual-regression.spec.ts" time="6.704">
</testcase>
<testcase name="Visual Regression Tests › dark mode support (if implemented)" classname="visual\visual-regression.spec.ts" time="0.765">
</testcase>
<testcase name="Visual Regression Tests › loading states (if implemented)" classname="visual\visual-regression.spec.ts" time="1.357">
</testcase>
<testcase name="Visual Regression Tests › error states (404 page)" classname="visual\visual-regression.spec.ts" time="1.016">
</testcase>
<testcase name="Visual Regression Tests › accessibility focus states" classname="visual\visual-regression.spec.ts" time="1.912">
</testcase>
</testsuite>
<testsuite name="e2e\contact.spec.ts" timestamp="2025-08-11T17:24:45.565Z" hostname="Google Chrome" tests="10" failures="10" skipped="0" time="0" errors="0">
<testcase name="Contact Page › should load successfully" classname="e2e\contact.spec.ts" time="0">
<failure message="contact.spec.ts:8:7 should load successfully" type="FAILURE">
<![CDATA[  [Google Chrome] › e2e\contact.spec.ts:8:7 › Contact Page › should load successfully ──────────────

    Error: worker process exited unexpectedly (code=3221225794, signal=null)
]]>
</failure>
</testcase>
<testcase name="Contact Page › should display contact form" classname="e2e\contact.spec.ts" time="0">
<failure message="contact.spec.ts:13:7 should display contact form" type="FAILURE">
<![CDATA[  [Google Chrome] › e2e\contact.spec.ts:13:7 › Contact Page › should display contact form ──────────

    Error: worker process exited unexpectedly (code=3221225794, signal=null)
]]>
</failure>
</testcase>
<testcase name="Contact Page › should validate required fields" classname="e2e\contact.spec.ts" time="0">
<failure message="contact.spec.ts:42:7 should validate required fields" type="FAILURE">
<![CDATA[  [Google Chrome] › e2e\contact.spec.ts:42:7 › Contact Page › should validate required fields ──────

    Error: worker process exited unexpectedly (code=3221225794, signal=null)
]]>
</failure>
</testcase>
<testcase name="Contact Page › should validate email format" classname="e2e\contact.spec.ts" time="0">
<failure message="contact.spec.ts:70:7 should validate email format" type="FAILURE">
<![CDATA[  [Google Chrome] › e2e\contact.spec.ts:70:7 › Contact Page › should validate email format ─────────

    Error: worker process exited unexpectedly (code=3221225794, signal=null)
]]>
</failure>
</testcase>
<testcase name="Contact Page › should handle form submission" classname="e2e\contact.spec.ts" time="0">
<failure message="contact.spec.ts:92:7 should handle form submission" type="FAILURE">
<![CDATA[  [Google Chrome] › e2e\contact.spec.ts:92:7 › Contact Page › should handle form submission ────────

    Error: worker process exited unexpectedly (code=3221225794, signal=null)
]]>
</failure>
</testcase>
<testcase name="Contact Page › should display contact information" classname="e2e\contact.spec.ts" time="0">
<failure message="contact.spec.ts:183:7 should display contact information" type="FAILURE">
<![CDATA[  [Google Chrome] › e2e\contact.spec.ts:183:7 › Contact Page › should display contact information ──

    Error: worker process exited unexpectedly (code=3221225794, signal=null)
]]>
</failure>
</testcase>
<testcase name="Contact Page › should have proper accessibility" classname="e2e\contact.spec.ts" time="0">
<failure message="contact.spec.ts:201:7 should have proper accessibility" type="FAILURE">
<![CDATA[  [Google Chrome] › e2e\contact.spec.ts:201:7 › Contact Page › should have proper accessibility ────

    Error: worker process exited unexpectedly (code=3221225794, signal=null)
]]>
</failure>
</testcase>
<testcase name="Contact Page › should handle spam protection gracefully" classname="e2e\contact.spec.ts" time="0">
<failure message="contact.spec.ts:232:7 should handle spam protection gracefully" type="FAILURE">
<![CDATA[  [Google Chrome] › e2e\contact.spec.ts:232:7 › Contact Page › should handle spam protection gracefully 

    Error: worker process exited unexpectedly (code=3221225794, signal=null)
]]>
</failure>
</testcase>
<testcase name="Contact Page › should be mobile-friendly" classname="e2e\contact.spec.ts" time="0">
<failure message="contact.spec.ts:248:7 should be mobile-friendly" type="FAILURE">
<![CDATA[  [Google Chrome] › e2e\contact.spec.ts:248:7 › Contact Page › should be mobile-friendly ───────────

    Error: worker process exited unexpectedly (code=3221225794, signal=null)
]]>
</failure>
</testcase>
<testcase name="Contact Page › should load without errors" classname="e2e\contact.spec.ts" time="0">
<failure message="contact.spec.ts:278:7 should load without errors" type="FAILURE">
<![CDATA[  [Google Chrome] › e2e\contact.spec.ts:278:7 › Contact Page › should load without errors ──────────

    Error: worker process exited unexpectedly (code=3221225794, signal=null)
]]>
</failure>
</testcase>
</testsuite>
<testsuite name="e2e\homepage.spec.ts" timestamp="2025-08-11T17:24:45.565Z" hostname="Google Chrome" tests="9" failures="9" skipped="0" time="0" errors="0">
<testcase name="Homepage › should load successfully" classname="e2e\homepage.spec.ts" time="0">
<failure message="homepage.spec.ts:8:7 should load successfully" type="FAILURE">
<![CDATA[  [Google Chrome] › e2e\homepage.spec.ts:8:7 › Homepage › should load successfully ─────────────────

    Error: worker process exited unexpectedly (code=3221225794, signal=null)
]]>
</failure>
</testcase>
<testcase name="Homepage › should display main navigation" classname="e2e\homepage.spec.ts" time="0">
<failure message="homepage.spec.ts:16:7 should display main navigation" type="FAILURE">
<![CDATA[  [Google Chrome] › e2e\homepage.spec.ts:16:7 › Homepage › should display main navigation ──────────

    Error: worker process exited unexpectedly (code=3221225794, signal=null)
]]>
</failure>
</testcase>
<testcase name="Homepage › should display hero section" classname="e2e\homepage.spec.ts" time="0">
<failure message="homepage.spec.ts:32:7 should display hero section" type="FAILURE">
<![CDATA[  [Google Chrome] › e2e\homepage.spec.ts:32:7 › Homepage › should display hero section ─────────────

    Error: worker process exited unexpectedly (code=3221225794, signal=null)
]]>
</failure>
</testcase>
<testcase name="Homepage › should have working contact CTA" classname="e2e\homepage.spec.ts" time="0">
<failure message="homepage.spec.ts:42:7 should have working contact CTA" type="FAILURE">
<![CDATA[  [Google Chrome] › e2e\homepage.spec.ts:42:7 › Homepage › should have working contact CTA ─────────

    Error: worker process exited unexpectedly (code=3221225794, signal=null)
]]>
</failure>
</testcase>
<testcase name="Homepage › should display services section" classname="e2e\homepage.spec.ts" time="0">
<failure message="homepage.spec.ts:58:7 should display services section" type="FAILURE">
<![CDATA[  [Google Chrome] › e2e\homepage.spec.ts:58:7 › Homepage › should display services section ─────────

    Error: worker process exited unexpectedly (code=3221225794, signal=null)
]]>
</failure>
</testcase>
<testcase name="Homepage › should have proper meta tags for SEO" classname="e2e\homepage.spec.ts" time="0">
<failure message="homepage.spec.ts:83:7 should have proper meta tags for SEO" type="FAILURE">
<![CDATA[  [Google Chrome] › e2e\homepage.spec.ts:83:7 › Homepage › should have proper meta tags for SEO ────

    Error: worker process exited unexpectedly (code=3221225794, signal=null)
]]>
</failure>
</testcase>
<testcase name="Homepage › should be responsive on mobile" classname="e2e\homepage.spec.ts" time="0">
<failure message="homepage.spec.ts:101:7 should be responsive on mobile" type="FAILURE">
<![CDATA[  [Google Chrome] › e2e\homepage.spec.ts:101:7 › Homepage › should be responsive on mobile ─────────

    Error: worker process exited unexpectedly (code=3221225794, signal=null)
]]>
</failure>
</testcase>
<testcase name="Homepage › should have accessible navigation" classname="e2e\homepage.spec.ts" time="0">
<failure message="homepage.spec.ts:118:7 should have accessible navigation" type="FAILURE">
<![CDATA[  [Google Chrome] › e2e\homepage.spec.ts:118:7 › Homepage › should have accessible navigation ──────

    Error: worker process exited unexpectedly (code=3221225794, signal=null)
]]>
</failure>
</testcase>
<testcase name="Homepage › should load without JavaScript errors" classname="e2e\homepage.spec.ts" time="0">
<failure message="homepage.spec.ts:140:7 should load without JavaScript errors" type="FAILURE">
<![CDATA[  [Google Chrome] › e2e\homepage.spec.ts:140:7 › Homepage › should load without JavaScript errors ──

    Error: worker process exited unexpectedly (code=3221225794, signal=null)
]]>
</failure>
</testcase>
</testsuite>
<testsuite name="performance\lighthouse.spec.ts" timestamp="2025-08-11T17:24:45.565Z" hostname="Google Chrome" tests="9" failures="9" skipped="0" time="0" errors="0">
<testcase name="Lighthouse Performance Tests › should meet performance thresholds on homepage" classname="performance\lighthouse.spec.ts" time="0">
<failure message="lighthouse.spec.ts:5:7 should meet performance thresholds on homepage" type="FAILURE">
<![CDATA[  [Google Chrome] › performance\lighthouse.spec.ts:5:7 › Lighthouse Performance Tests › should meet performance thresholds on homepage 

    Error: worker process exited unexpectedly (code=3221225794, signal=null)
]]>
</failure>
</testcase>
<testcase name="Lighthouse Performance Tests › should meet performance thresholds on contact page" classname="performance\lighthouse.spec.ts" time="0">
<failure message="lighthouse.spec.ts:32:7 should meet performance thresholds on contact page" type="FAILURE">
<![CDATA[  [Google Chrome] › performance\lighthouse.spec.ts:32:7 › Lighthouse Performance Tests › should meet performance thresholds on contact page 

    Error: worker process exited unexpectedly (code=3221225794, signal=null)
]]>
</failure>
</testcase>
<testcase name="Lighthouse Performance Tests › should have good Core Web Vitals" classname="performance\lighthouse.spec.ts" time="0">
<failure message="lighthouse.spec.ts:58:7 should have good Core Web Vitals" type="FAILURE">
<![CDATA[  [Google Chrome] › performance\lighthouse.spec.ts:58:7 › Lighthouse Performance Tests › should have good Core Web Vitals 

    Error: worker process exited unexpectedly (code=3221225794, signal=null)
]]>
</failure>
</testcase>
<testcase name="Lighthouse Performance Tests › should load resources efficiently" classname="performance\lighthouse.spec.ts" time="0">
<failure message="lighthouse.spec.ts:134:7 should load resources efficiently" type="FAILURE">
<![CDATA[  [Google Chrome] › performance\lighthouse.spec.ts:134:7 › Lighthouse Performance Tests › should load resources efficiently 

    Error: worker process exited unexpectedly (code=3221225794, signal=null)
]]>
</failure>
</testcase>
<testcase name="Lighthouse Performance Tests › should have proper caching headers" classname="performance\lighthouse.spec.ts" time="0">
<failure message="lighthouse.spec.ts:181:7 should have proper caching headers" type="FAILURE">
<![CDATA[  [Google Chrome] › performance\lighthouse.spec.ts:181:7 › Lighthouse Performance Tests › should have proper caching headers 

    Error: worker process exited unexpectedly (code=3221225794, signal=null)
]]>
</failure>
</testcase>
<testcase name="Lighthouse Performance Tests › should minimize render-blocking resources" classname="performance\lighthouse.spec.ts" time="0">
<failure message="lighthouse.spec.ts:210:7 should minimize render-blocking resources" type="FAILURE">
<![CDATA[  [Google Chrome] › performance\lighthouse.spec.ts:210:7 › Lighthouse Performance Tests › should minimize render-blocking resources 

    Error: worker process exited unexpectedly (code=3221225794, signal=null)
]]>
</failure>
</testcase>
<testcase name="Lighthouse Performance Tests › should have optimized images" classname="performance\lighthouse.spec.ts" time="0">
<failure message="lighthouse.spec.ts:238:7 should have optimized images" type="FAILURE">
<![CDATA[  [Google Chrome] › performance\lighthouse.spec.ts:238:7 › Lighthouse Performance Tests › should have optimized images 

    Error: worker process exited unexpectedly (code=3221225794, signal=null)
]]>
</failure>
</testcase>
<testcase name="Lighthouse Performance Tests › should preload critical resources" classname="performance\lighthouse.spec.ts" time="0">
<failure message="lighthouse.spec.ts:275:7 should preload critical resources" type="FAILURE">
<![CDATA[  [Google Chrome] › performance\lighthouse.spec.ts:275:7 › Lighthouse Performance Tests › should preload critical resources 

    Error: worker process exited unexpectedly (code=3221225794, signal=null)
]]>
</failure>
</testcase>
<testcase name="Lighthouse Performance Tests › should minimize layout shifts" classname="performance\lighthouse.spec.ts" time="0">
<failure message="lighthouse.spec.ts:302:7 should minimize layout shifts" type="FAILURE">
<![CDATA[  [Google Chrome] › performance\lighthouse.spec.ts:302:7 › Lighthouse Performance Tests › should minimize layout shifts 

    Error: worker process exited unexpectedly (code=3221225794, signal=null)
]]>
</failure>
</testcase>
</testsuite>
<testsuite name="visual\visual-regression.spec.ts" timestamp="2025-08-11T17:24:45.565Z" hostname="Google Chrome" tests="14" failures="14" skipped="0" time="0" errors="0">
<testcase name="Visual Regression Tests › homepage desktop layout" classname="visual\visual-regression.spec.ts" time="0">
<failure message="visual-regression.spec.ts:26:7 homepage desktop layout" type="FAILURE">
<![CDATA[  [Google Chrome] › visual\visual-regression.spec.ts:26:7 › Visual Regression Tests › homepage desktop layout 

    Error: worker process exited unexpectedly (code=3221225794, signal=null)
]]>
</failure>
</testcase>
<testcase name="Visual Regression Tests › homepage tablet layout" classname="visual\visual-regression.spec.ts" time="0">
<failure message="visual-regression.spec.ts:47:7 homepage tablet layout" type="FAILURE">
<![CDATA[  [Google Chrome] › visual\visual-regression.spec.ts:47:7 › Visual Regression Tests › homepage tablet layout 

    Error: worker process exited unexpectedly (code=3221225794, signal=null)
]]>
</failure>
</testcase>
<testcase name="Visual Regression Tests › homepage mobile layout" classname="visual\visual-regression.spec.ts" time="0">
<failure message="visual-regression.spec.ts:61:7 homepage mobile layout" type="FAILURE">
<![CDATA[  [Google Chrome] › visual\visual-regression.spec.ts:61:7 › Visual Regression Tests › homepage mobile layout 

    Error: worker process exited unexpectedly (code=3221225794, signal=null)
]]>
</failure>
</testcase>
<testcase name="Visual Regression Tests › contact page desktop layout" classname="visual\visual-regression.spec.ts" time="0">
<failure message="visual-regression.spec.ts:75:7 contact page desktop layout" type="FAILURE">
<![CDATA[  [Google Chrome] › visual\visual-regression.spec.ts:75:7 › Visual Regression Tests › contact page desktop layout 

    Error: worker process exited unexpectedly (code=3221225794, signal=null)
]]>
</failure>
</testcase>
<testcase name="Visual Regression Tests › contact page mobile layout" classname="visual\visual-regression.spec.ts" time="0">
<failure message="visual-regression.spec.ts:89:7 contact page mobile layout" type="FAILURE">
<![CDATA[  [Google Chrome] › visual\visual-regression.spec.ts:89:7 › Visual Regression Tests › contact page mobile layout 

    Error: worker process exited unexpectedly (code=3221225794, signal=null)
]]>
</failure>
</testcase>
<testcase name="Visual Regression Tests › navigation component states" classname="visual\visual-regression.spec.ts" time="0">
<failure message="visual-regression.spec.ts:103:7 navigation component states" type="FAILURE">
<![CDATA[  [Google Chrome] › visual\visual-regression.spec.ts:103:7 › Visual Regression Tests › navigation component states 

    Error: worker process exited unexpectedly (code=3221225794, signal=null)
]]>
</failure>
</testcase>
<testcase name="Visual Regression Tests › form component visual states" classname="visual\visual-regression.spec.ts" time="0">
<failure message="visual-regression.spec.ts:129:7 form component visual states" type="FAILURE">
<![CDATA[  [Google Chrome] › visual\visual-regression.spec.ts:129:7 › Visual Regression Tests › form component visual states 

    Error: worker process exited unexpectedly (code=3221225794, signal=null)
]]>
</failure>
</testcase>
<testcase name="Visual Regression Tests › hero section component" classname="visual\visual-regression.spec.ts" time="0">
<failure message="visual-regression.spec.ts:169:7 hero section component" type="FAILURE">
<![CDATA[  [Google Chrome] › visual\visual-regression.spec.ts:169:7 › Visual Regression Tests › hero section component 

    Error: worker process exited unexpectedly (code=3221225794, signal=null)
]]>
</failure>
</testcase>
<testcase name="Visual Regression Tests › footer component" classname="visual\visual-regression.spec.ts" time="0">
<failure message="visual-regression.spec.ts:182:7 footer component" type="FAILURE">
<![CDATA[  [Google Chrome] › visual\visual-regression.spec.ts:182:7 › Visual Regression Tests › footer component 

    Error: worker process exited unexpectedly (code=3221225794, signal=null)
]]>
</failure>
</testcase>
<testcase name="Visual Regression Tests › responsive breakpoints" classname="visual\visual-regression.spec.ts" time="0">
<failure message="visual-regression.spec.ts:195:7 responsive breakpoints" type="FAILURE">
<![CDATA[  [Google Chrome] › visual\visual-regression.spec.ts:195:7 › Visual Regression Tests › responsive breakpoints 

    Error: worker process exited unexpectedly (code=3221225794, signal=null)
]]>
</failure>
</testcase>
<testcase name="Visual Regression Tests › dark mode support (if implemented)" classname="visual\visual-regression.spec.ts" time="0">
<failure message="visual-regression.spec.ts:225:7 dark mode support (if implemented)" type="FAILURE">
<![CDATA[  [Google Chrome] › visual\visual-regression.spec.ts:225:7 › Visual Regression Tests › dark mode support (if implemented) 

    Error: worker process exited unexpectedly (code=3221225794, signal=null)
]]>
</failure>
</testcase>
<testcase name="Visual Regression Tests › loading states (if implemented)" classname="visual\visual-regression.spec.ts" time="0">
<failure message="visual-regression.spec.ts:250:7 loading states (if implemented)" type="FAILURE">
<![CDATA[  [Google Chrome] › visual\visual-regression.spec.ts:250:7 › Visual Regression Tests › loading states (if implemented) 

    Error: worker process exited unexpectedly (code=3221225794, signal=null)
]]>
</failure>
</testcase>
<testcase name="Visual Regression Tests › error states (404 page)" classname="visual\visual-regression.spec.ts" time="0">
<failure message="visual-regression.spec.ts:273:7 error states (404 page)" type="FAILURE">
<![CDATA[  [Google Chrome] › visual\visual-regression.spec.ts:273:7 › Visual Regression Tests › error states (404 page) 

    Error: worker process exited unexpectedly (code=3221225794, signal=null)
]]>
</failure>
</testcase>
<testcase name="Visual Regression Tests › accessibility focus states" classname="visual\visual-regression.spec.ts" time="0">
<failure message="visual-regression.spec.ts:291:7 accessibility focus states" type="FAILURE">
<![CDATA[  [Google Chrome] › visual\visual-regression.spec.ts:291:7 › Visual Regression Tests › accessibility focus states 

    Error: worker process exited unexpectedly (code=3221225794, signal=null)
]]>
</failure>
</testcase>
</testsuite>
</testsuites>